<?xml version="1.0" encoding="UTF-8"?>
<coverage generated="1651870680258" clover="3.2.0">
  <project timestamp="1651870680258" name="All files">
    <metrics statements="22" coveredstatements="11" conditionals="0" coveredconditionals="0" methods="7" coveredmethods="3" elements="29" coveredelements="14" complexity="0" loc="22" ncloc="22" packages="1" files="2" classes="2"/>
    <file name="api.bcb.js" path="C:\Users\raphaelf9\Documents\EngenhariaDeSoftware\01-DEVPLENO\PROJETOS\Convert_My_Money\lib\api.bcb.js">
      <metrics statements="17" coveredstatements="7" conditionals="0" coveredconditionals="0" methods="5" coveredmethods="2"/>
      <line num="1" count="1" type="stmt"/>
      <line num="3" count="1" type="stmt"/>
      <line num="6" count="1" type="stmt"/>
      <line num="7" count="1" type="stmt"/>
      <line num="8" count="1" type="stmt"/>
      <line num="9" count="0" type="stmt"/>
      <line num="10" count="0" type="stmt"/>
      <line num="14" count="1" type="stmt"/>
      <line num="15" count="0" type="stmt"/>
      <line num="16" count="0" type="stmt"/>
      <line num="17" count="0" type="stmt"/>
      <line num="18" count="0" type="stmt"/>
      <line num="19" count="0" type="stmt"/>
      <line num="20" count="0" type="stmt"/>
      <line num="21" count="0" type="stmt"/>
      <line num="25" count="0" type="stmt"/>
      <line num="29" count="1" type="stmt"/>
    </file>
    <file name="convert.js" path="C:\Users\raphaelf9\Documents\EngenhariaDeSoftware\01-DEVPLENO\PROJETOS\Convert_My_Money\lib\convert.js">
      <metrics statements="5" coveredstatements="4" conditionals="0" coveredconditionals="0" methods="2" coveredmethods="1"/>
      <line num="1" count="1" type="stmt"/>
      <line num="2" count="2" type="stmt"/>
      <line num="5" count="1" type="stmt"/>
      <line num="6" count="0" type="stmt"/>
      <line num="9" count="1" type="stmt"/>
    </file>
  </project>
</coverage>
